<?xml version="1.0" encoding="UTF-8"?>
<!-- Generated by org.testng.reporters.JUnitReportReporter -->
<testsuite hostname="fv-az208-952" failures="0" tests="8" name="com.ea.SpringTestFramework.runner.TestRunner" time="305.075" errors="0" timestamp="2022-03-19T23:08:00 UTC" skipped="0">
  <testcase classname="com.ea.SpringTestFramework.runner.TestRunner" name="runScenario" time="38.210"/>
  <system-out/>
  <testcase classname="com.ea.SpringTestFramework.runner.TestRunner" name="runScenario" time="38.211"/>
  <system-out/>
  <testcase classname="com.ea.SpringTestFramework.runner.TestRunner" name="runScenario" time="37.979"/>
  <system-out/>
  <testcase classname="com.ea.SpringTestFramework.runner.TestRunner" name="runScenario" time="38.060"/>
  <system-out/>
  <testcase classname="com.ea.SpringTestFramework.runner.TestRunner" name="runScenario" time="38.198"/>
  <system-out/>
  <testcase classname="com.ea.SpringTestFramework.runner.TestRunner" name="runScenario" time="38.239"/>
  <system-out/>
  <testcase classname="com.ea.SpringTestFramework.runner.TestRunner" name="runScenario" time="38.083"/>
  <system-out/>
  <testcase classname="com.ea.SpringTestFramework.runner.TestRunner" name="runScenario" time="38.095"/>
  <system-out/>
</testsuite> <!-- com.ea.SpringTestFramework.runner.TestRunner -->
