<?xml version="1.0" encoding="UTF-8"?>
<!-- Generated by org.testng.reporters.JUnitReportReporter -->
<testsuite hostname="fv-az177-466" failures="0" tests="8" name="com.ea.SpringTestFramework.runner.TestRunner" time="303.957" errors="0" timestamp="2022-03-19T23:03:55 UTC" skipped="0">
  <testcase classname="com.ea.SpringTestFramework.runner.TestRunner" name="runScenario" time="37.530"/>
  <system-out/>
  <testcase classname="com.ea.SpringTestFramework.runner.TestRunner" name="runScenario" time="38.492"/>
  <system-out/>
  <testcase classname="com.ea.SpringTestFramework.runner.TestRunner" name="runScenario" time="38.474"/>
  <system-out/>
  <testcase classname="com.ea.SpringTestFramework.runner.TestRunner" name="runScenario" time="38.297"/>
  <system-out/>
  <testcase classname="com.ea.SpringTestFramework.runner.TestRunner" name="runScenario" time="38.071"/>
  <system-out/>
  <testcase classname="com.ea.SpringTestFramework.runner.TestRunner" name="runScenario" time="37.647"/>
  <system-out/>
  <testcase classname="com.ea.SpringTestFramework.runner.TestRunner" name="runScenario" time="38.058"/>
  <system-out/>
  <testcase classname="com.ea.SpringTestFramework.runner.TestRunner" name="runScenario" time="37.388"/>
  <system-out/>
</testsuite> <!-- com.ea.SpringTestFramework.runner.TestRunner -->
